{
"intents":
    {
        "keyword": [
            "this is a comment to segmentized common error type to be used for different error category - pre-requisite",
            "running on ",
            "this is a comment to segmentized common error type to be used for different error category - generic error type",
            "fetcher failure",
            "failure post condition",
            "link failure",
            "connection failed",
            "expectation failed",
            "patch failed",
            "binary scan failed",
            "startup failed",
            "copy failed",
            "function failed",
            "libraries failed",
            "subcommand failed",
            "authentication failed",
            "pulling failed",
            "build: failed",
            "verify failed",
            "failed to load",
            "failed to build",
            "failed to fetch",
            "failed to push",
            "failed to deploy",
            "failed to merge",
            "failed to search",
            "failed to complete",
            "failed to search artifact",
            "failed to run",
            "failed to get",
            "failed: connection",
            "error occurred for request",
            "patchset is failed",
            "failed sanity",
            "failed after second try",
            "error occurred during build",
            "execution is failed",
            "scanning is failed",
            "do_fetch: failed",
            "failed with exit code",
            ".git not found",
            "error 404: not found",
            "identifier not found",
            "error: file not found",
            "command not found",
            "hddlunite not found",
            "not found in archive",
            "file/directory not found",
            "not found in packages",
            "image was not found",
            ".exe\" not found",
            "no such property",
            "couldn't find",
            "fatal:",
            "does not exist",
            "there are no nodes",
            "not recognized",
            "cannot stat",
            "test result",
            "connectionrefusederror",
            "abi_err",
            "abiexception",
            "java.io.ioexception",
            "java.lang.exception",
            "jenkins.util.io.compositeioexception",
            "http error 404",
            "this is a comment to segmentized common error type to be used for different error category - compilation error type",
            "no rule to make target",
            "no targets specified",
            "script returned exit code 1",
            "makefile:",
            "gnumakefile:",
            "non-zero exit code",
            "script_error= 1",
            "internal error",
            "error 1",
            "error 2",
            "error 7000",
            "error 3000",
            "build failed",
            "this is a comment to segmentized common error type to be used for different error category - application error type",
            "[klocwork] [error]",
            "[protex] [error]",
            "[bdba] [error]",
            "[hsdes-gitlab] [error]",
            "server error",
            "connection error sending email",
            "results is not yet ready",
            "exec user process",
            "couldn't find any revision",
            "error fetching",
            "error: cannot fetch",
            "please check bblayers",
            "traceback (most recent call last):",
            "gitlab error",
            "error is not recoverable",
            "hsdes id is not given",
            "kwinject: not found",
            "kwadmin: ",
            "errorlevel=1",
            "file \"vscanner.py\", line",
            "no such file or directory",
            "the license for visual studio expires",
            "syntaxerror",
            "bad api request",
            "sudo: /usr/bin/sudo",
            "finished: success",
            "finished: aborted",
            "summary: there",
            "error: missing workspace",
            "java.lang.runtimeexception",
            "returned the following errors",
            "error: parseerror",
            "unable to verify the first certificate",
            "docker: error",
            "error: the following required tools",
            "configure: error",
            "[checkmarx] [error]",
            "insmod: error",
            "ninja failed",
            "failed on a \"put\"",
            "rsync:",
            "error: no such container",
            "suppressed: hudson.remoting"
        ],

        "error_category": {
            
            "COMPILATION RELATED ERROR": "Compilation Related Error",
            
            "no targets specified and no makefile found" : "Developer Error: Compilation",
            "nmake : fatal error" : "Developer Error: Compilation",
            "link : fatal error" : "Developer Error: Compilation",
            "error while encapsulate fd image": "Developer Error: Compilation",
            "error while add some named ffs file into the fd image file": "Developer Error: Compilation",
            "must supply an action name and an arg list": "Developer Error: Compilation",
            "class has no constructors": "Developer Error: Compilation",
            "identifier not found": "Developer Error: Compilation",
            "undeclared identifier": "Developer Error: Compilation",
            "invalid target type for dynamic_cast": "Developer Error: Compilation",
            "no certificate supplied in operation": "Developer Error: Compilation",
            "certificate verify failed": "Developer Error: Compilation",
            "signtool error: file not found": "Developer Error: Compilation",
            "abi.error_handling.abi_exception.abiexception": "Developer Error: Compilation",
            "package_write_rpm": "Developer Error: Compilation",
            "requires: openvino": "Developer Error: Compilation",
            "drivers/spi/spi-dw.h": "Developer Error: Compilation",
            "thunderbay": "Developer Error: Compilation",
            "mainline-tracking": "Developer Error: Compilation",
            "error: cairo": "Developer Error: Compilation",
            "cairo": "Developer Error: Compilation" ,
            "do_populate_sdk": "Developer Error: Compilation",
            "movisoc-fwu": "Developer Error: Compilation",
            "oe_runmake": "Developer Error: Compilation",
            "linux-ese-po-kernel": "Developer Error: Compilation",
            "thb-lin-bsp-bd-dly": "Developer Error: Compilation",
            "recipe tbh-vpual": "Developer Error: Compilation",
            "do_image_wic":"Developer Error: Compilation" ,
            "no dtb found": "Developer Error: Compilation",
            "unable to fetch url from any source": "Developer Error: Compilation",
            "/gpu/drm/": "Developer Error: Compilation",
            "linux-intel-ese": "Developer Error: Compilation",
            "iso-codes-4.2-r0": "Developer Error: Compilation",
            "ore-image-ese-initramfs-base-1.0-r0": "Developer Error: Compilation",
            "core-image-ese-initramfs-base": "Developer Error: Compilation",
            "do_fetch": "Developer Error: Compilation",
            "error: task": "Developer Error: Compilation",
            "function failed: " : "Developer Error: Compilation",
            "do_configure" : "Developer Error: Compilation",
            "error: nothing rprovides" : "Developer Error: Compilation",
            "error: required build" : "Developer Error: Compilation",
            "merge conflict": "Developer Error: Compilation",
            "core-image-ese-dev-1.0-r0 do_image_wic": "Developer Error: Compilation",
            "following arguments are required": "Developer Error: Compilation",
            "failed to load image": "Developer Error: Compilation" ,
            "not recognized as an internal or external command": "Developer Error: Compilation" ,
            "failed to build module": "Developer Error: Compilation" ,
            "failed with exit code '1'": "Developer Error: Compilation" ,
            "failed with exit code 1": "Developer Error: Compilation" ,
            "exit code: 1": "Developer Error: Compilation",
            "returned 1 exit status": "Developer Error: Compilation",
            "failed to merge": "Developer Error: Compilation" ,
            "error U1077": "Developer Error: Compilation" ,
            "error 0004": "Developer Error: Compilation" ,
            "error 1001": "Developer Error: Compilation" ,
            "fsp build": "Developer Error: Compilation",
            "bios build": "Developer Error: Compilation",
            "error 7000": "Developer Error: Compilation",
            "error 3000": "Developer Error: Compilation",
            "cmake error": "Developer Error: Compilation",
            "msb1009": "Developer Error: Compilation",
            "no such file or directory": "Developer Error: Compilation",
            "makefile:": "Developer Error: Compilation",
            "prikey size is not same as pubkey": "Developer Error: Compilation",
            "attestation server read": "Developer Error: Compilation",
            "filenotfounderror:":"Developer Error: Compilation",
            "command error": "Developer Error: Compilation",
            "code of compile_tool": "Developer Error: Compilation",
            "error: parseerror at": "Developer Error: Compilation",
            "could not apply patch": "Developer Error: Compilation",
            "patch does not apply": "Developer Error: Compilation",
            "patchset is failed to be added": "Developer Error: Compilation",
            "do_package_qa": "Developer Error: Compilation",
            "unable to start bitbake server": "Developer Error: Compilation",
            "the following layer directories do not exist": "Developer Error: Compilation",
            "error: please check bblayers": "Developer Error: Compilation",
            "error in running process": "Developer Error: Compilation",
            "command not found": "Developer Error: Compilation",
            "error 1": "Developer Error: Compilation",
            "error 2": "Developer Error: Compilation",
            "recipe for target": "Developer Error: Compilation",
            "error: core-image-ese-dev-1.0-r0 do_rootfs": "Developer Error: Compilation",
            "failed sanity test": "Developer Error: Compilation",
            "qa staging was broken by the package built": "Developer Error: Compilation",
            "fatal: manifest": "Developer Error: Compilation",
            "build failed": "Developer Error: Compilation",
            "no rule to make target": "Developer Error: Compilation",
            "build stopped: subcommand failed": "Developer Error: Compilation",
            "\\[drivers/misc/xlink-core/xlink.ko\\] undefined!": "Developer Error: Compilation",
            "debug build: file does not exists!": "Developer Error: Compilation",
            "error.*.shown, returning a non-zero exit code": "Developer Error: Compilation",
            "does not exist! Please check bblayers": "Developer Error: Compilation",
            "integration for audio failed": "Developer Error: Compilation",
            "script_error= 1": "Developer Error: Compilation",
            "failed to build": "Developer Error: Compilation",
            "hddlunite not found! skipping build of hddl extension": "Developer Error: Compilation",
            "tar.gz: not found in archive": "Developer Error: Compilation",
            "file/directory not found in workspace": "Developer Error: Compilation",
            "not found in packages path": "Developer Error: Compilation",
            "fatal: remote upstream already exists": "Developer Error: Compilation",
            "patch failed": "Developer Error: Compilation",
            "execution is failed \\(exit code: 1\\)": "Developer Error: Compilation",
            "bsp build: failed": "Developer Error: Compilation",
            "daily build: failed": "Developer Error: Compilation",
            "traceback \\(most recent call last\\):": "Developer Error: Compilation",
            "error 404: not found": "Developer Error: Compilation",
            "http error 404 client error: not found for url": "Developer Error: Compilation",
            "errorlevel=1": "Developer Error: Compilation",
            "syntaxerror: invalid syntax": "Developer Error: Compilation",
            "summary: there were .*. error messages shown, returning a non-zero exit code": "Developer Error: Compilation",
            "summary: there was 1 error message shown, returning a non-zero exit code": "Developer Error: Compilation",
            "summary: there was 1 error message, returning a non-zero exit code": "Developer Error: Compilation",
            "error: parseerror in configuration": "Developer Error: Compilation",
            "the previous cherry-pick is now empty, possibly due to conflict resolution": "Developer Error: Compilation",
            "error: the following required tools": "Developer Error: Compilation",
            "configure: error": "Developer Error: Compilation",
            "ninja failed with: exit status 1": "Developer Error: Compilation",
            "fatal: couldn't find remote ref": "Developer Error: Configuration",
            "could not read from remote repository": "Developer Error: Configuration",
            "error: cannot fetch": "Developer Error: Configuration",
            "couldn't find any revision to build": "Developer Error: Configuration",
            "fatal: cannot obtain manifest https://git": "Developer Error: Configuration",
            "unknown revision or path not in the working tree": "Developer Error: Configuration",

            "GIT RELATED ERROR": "Git Related Error",
            
            "gitlab error": "Application Error: Git",
            "unable to access 'https://gitlab.devtools.intel.com": "Connectivity Error: Git",
            "gitlab is not responding": "Connectivity Error: Git",
            "authentication failed for 'https://gitlab": "Connectivity Error: Git",
            "remote: unauthorized":"Configuration Error: Git",
            "fatal: repository": "Connectivity Error: Git",
            "git clone": "Connectivity Error: Git",
            "cloning the git-repo": "Connectivity Error: Git",
            "error: failed to push some refs to": "Connectivity Error: Git",
            "failed to fetch from https://gitlab": "Connectivity Error: Git",
            "giterror": "Connectivity Error: Git",
            "an optional update for edkrepo is available and can be installed using: edkrepo update": "Configuration Error: Git",
            "fatal: unable to read tree": "Configuration Error: Git",
            "fatal: reference is not a tree": "Configuration Error: Git",
            "fatal: could not parse object": "Configuration Error: Git",
            ".git not found": "Configuration Error: Git",
            "fatal: could not create work tree": "Connectivity Error: Git",
            "fatal: failed to unpack tree object": "Configuration Error: Git",
            "fatal: tag .*. ": "Configuration Error: Git",
            "fatal: the remote end hung up upon initial contact": "Connectivity Error: Git",
            "fatal: cannot get .*. ": "Connectivity Error: Git",

            "ARTIFACTORY RELATED ERROR": "Artifactory Related Error",
            
            "artifact error": "Connectivity Error: Artifactory",
            "uploading artifacts": "Connectivity Error: Artifactory",
            "expectation failed": "Application Error: Artifactory",
            "failed to search artifact": "Application Error: Artifactory",
            "401 response message: artifactory": "Connectivity Error: Artifactory",
            "failed to fetch some objects from 'https://ubit-artifactory": "Connectivity Error: Artifactory",
            "could not read username for 'https://ubit-artifactory": "Connectivity Error: Artifactory",
            "artifactory returned the following errors": "Application Error: Artifactory",
            "service temporarily unavailable": "Application Error: Artifactory",
            "http/1.1: connection reset by peer: socket write error": "Application Error: Artifactory",
            "http/1.1: read timed out": "Connectivity Error: Artifactory",
            "http/1.1. received status code 503 and message: service temporarily Unavailable": "Connectivity Error: Artifactory",
            "error occurred for request ": "Connectivity Error: Artifactory",
            "failed to deploy file. status code: 502": "Connectivity Error: Artifactory",
            "failed to deploy file. status code: 401": "Connectivity Error: Artifactory",
            "failed to deploy file. status code: 403": "Connectivity Error: Artifactory",
            "failed to deploy file. status code: 404": "Application Error: Artifactory",
            "failed to deploy file. status code: 500": "Application Error: Artifactory",
            "failed to deploy file. status code: 503": "Application Error: Artifactory",
            "caused java.io.ioexception": "Application Error: Artifactory",
            "java.io.ioexception: error downloading https://ubit-artifactory": "Application Error: Artifactory",
            "git credentials for https://ubit-artifactory": "Application Error: Artifactory",
            "error occurred while downloading http://jf": "Connectivity Error: Artifactory",
            "java.io.ioexception: could not create or write to file": "Connectivity Error: Artifactory",
            "java.lang.runtimeexception: javax.net.ssl.sslhandshakeexception": "Connectivity Error: Artifactory",

            "KLOCWORK RELATED ERROR": "Klocwork Related Error",
            
            "no connection could be made because the target machine actively refused it": "Connectivity Error: Klocwork",
            "cannot locate kw tools on system": "Configuration Error: klocwork",
            "cannot locate kwdeployexe on system": "Configuration Error: Klocwork",
            "unable to get klocwork server version": "Connectivity Error: Klocwork",
            "kwadmin: connection to": "Connectivity Error: Klocwork",
            "kwadmin: license check failed": "Application Error: Klocwork",
            "kwadmin: cannot load project": "Application Error: Klocwork",
            "kwadmin: incompatible server version": "Application Error: Klocwork",
            "error occurred during build: tables directory": "Application Error: Klocwork",
            "source list is empty": "Configuration Error: Klocwork",
            "kwadmin: authentication failed": "Configuration Error: Klocwork",
            "rt.jar: error reading zip file": "Connectivity Error: Klocwork",
            "error occurred during build: c/c\\+\\+ defects detection stage failed": "Application Error: Klocwork",
            "error occurred during build: the server project configuration": "Configuration Error: Klocwork",
            "error occurred during build: connection to https://klocwork": "Connectivity Error: Klocwork",
            "kwinject: not found": "Application Error: Klocwork",
            "error occurred during build: could not connect to https://klocwork": "Connectivity Error: Klocwork",
            "kwdeploy: connection to": "Connectivity Error: Klocwork",
            "failed with --ignore mode enabled. please check": "Connectivity Error: Klocwork",
            "returned non-zero exit status": "Configuration Error: Klocwork",
            "unable to connect to the klocwork server": "Application Error: Klocwork",

            "JENKINS RELATED ERROR": "Jenkins Related Error",
            
            "groovy.lang.missingpropertyexception": "Configuration Error: Jenkins",
            "errorsexception: startup failed": "Configuration Error: Jenkins",
            "error when executing failure post condition": "Configuration Error: Jenkins",
            "docker: error response from daemon: pull access denied": "Configuration Error: Jenkins",
            "docker: error response from daemon: unauthorized": "Configuration Error: Jenkins",
            "util.jsontokener": "Configuration Error: Jenkins",
            "with a status code of: 401": "Configuration Error: Jenkins",

            "BDBA RELATED ERROR": "BDBA Related Error",
            
            "\\[bdba\\] \\[error\\] httperror: 401 - no permission": "Application Error: BDBA",
            "\\[bdba\\] \\[error\\] httperror: 502 - invalid responses from another server/proxy.": "Connectivity Error: BDBA",
            "\\[bdba\\] \\[error\\] httperror: 404 - nothing matches the given uri": "Application Error: BDBA",
            "\\[bdba\\] \\[error\\] httperror: 503 - the server cannot process the request due to a high load": "Application Error: BDBA",
            "\\[bdba\\] \\[error\\] httperror: 409 - request conflict": "Application Error: BDBA",
            "\\[bdba\\] \\[error\\] httperror: 500 - server got itself in trouble": "Application Error: BDBA",
            "urlerror: \\[errno -5\\] no address associated": "Connectivity Error: BDBA",
            "urlerror: \\[errno -3\\] temporary failure in name resolution": "Connectivity Error: BDBA",
            "urlerror: \\[errno 10054\\] an existing connection was forcibly closed": "Connectivity Error: BDBA",
            "urlerror: \\[errno 104\\] connection reset by peer": "Connectivity Error: BDBA",
            "binary scan failed to complete": "Connectivity Error: BDBA",
            "results is not yet ready": "Application Error: BDBA",
            "scanning failed": "Application Error: BDBA",
            "\\[errno 111\\] connection refused": "Connectivity Error: BDBA",
            "response got: unauthorized": "Connectivity Error: BDBA",
            "hudson.AbortException: script returned exit code 1": "Connectivity Error: BDBA",
            "error is not recoverable: exiting now": "Application Error: BDBA",
            "\\[bdba\\] \\[error\\] group id cannot be found": "Application Error: BDBA",
            "\\[bdba\\] \\[error\\] \\[bdba\\] \\[error\\] httperror: 401 - no permission": "Application Error: BDBA",
            "\\[bdba\\] \\[error\\] \\[bdba\\] \\[error\\] httperror: 503": "Application Error: BDBA",
            "\\[bdba\\] \\[error\\] \\[bdba\\] \\[error\\] httperror: 504": "Application Error: BDBA",
            "\\[bdba\\] \\[error\\] \\[bdba\\] \\[error\\] httperror: 415 - Entity body in unsupported format": "Application Error: BDBA",
            
            "EMAIL RELATED ERROR": "EMAIL Error",
            
            "connection error sending email": "Connectivity Error: EMAIL",
            "failed after second try sending email": "Connectivity Error: EMAIL",

            "PROTEX IP RELATED ERROR": "PROTEXIP Related Error",
            
            "bdstool: scan failed": "Application Error: Protex",
            "bdstool: login failed for": "Connectivity Error: Protex",
            "bom list error": "Application Error: Protex",
            "bdstool: command failed:": "Application Error: Protex",
            "bdstool: Internal error:": "Application Error: Protex",
            "protex project name": "Configuration Error: Protex",
            "\\[protex\\] \\[error\\] other: authenticated \\*\\*\\*\\*@intel.com on": "Application Error: Protex",
            "\\[protex\\] \\[error\\] other: exception in thread": "Application Error: Protex",
            "\\[protex\\] \\[error\\] other: ignore list": "Configuration Error: Protex",
            "\\[protex\\] \\[error\\] syntax:": "Configuration Error: Protex",

            "SNYK RELATED ERROR": "SNYK Related Error",
            
            "internal error \\(reference:": "Application Error: Snyk",
            "failed to get vulns": "Application Error: Snyk",
            "copy failed: stat /docker": "Configuration Error: Snyk",
            "docker error: image was not found locally and pulling failed": "Configuration Error: Snyk",
            "standard_init_linux.go:185: exec user process caused": "Configuration Error: Snyk",
            "config.json does not exist": "Configuration Error: Snyk",
            "connection failed \\[ip:": "Connectivity Error: Snyk",
            "invalid requirement": "Configuration Error: Snyk",
            "bad api request, please contact support@snyk.io for assistance": "Application Error: Snyk",
            "unable to verify the first certificate": "Application Error: Snyk",

            "HSDES RELATED ERROR": "HSDES Related Error",
            
            "keyerror:": "Application Error: HSDES",
            "hsdes id is not given": "Developer Error: HSDES",
            "hsdes id is invalid": "Developer Error: HSDES",
            "hsdes id is not belong to iot_platf tenant": "Developer Error: HSDES",
            "please use semicolon as a separator for multiple hsdes id": "Developer Error: HSDES",
            "do not end with semicolon": "Developer Error: HSDES",
            "fail to update hsdes field": "Developer Error: HSDES",
            
            "ABI RELATED ERROR": "ABI Related Error",
            
            "abi_warning:": "Application Error: ABI",
            "raise abiexception": "Application Error: ABI",
            "abi_exception": "Application Error: ABI",
            "failed to run ticgen:": "Application Error: ABI",
            
            "DOCKER CONTAINER RELATED ERROR": "DOCKER CONTAINER Related Error",
            
            "error: no such container": "Application Error: Container",
            
            "received http code 302 from proxy after connect": "Application Error: Proxy",

            "GENERIC APPLICATION ERROR": "Generic Application Error",
            
            "nameerror:": "Application Error",
            "typeerror:": "Application Error",
            "attributeerror: ": "Application Error",
            "abortexception:": "Application Error",
            "configuration error": "Application Error",
            "server error": "Application Error",

            "GENERIC CONNECTIVITY ERROR": "Generic Connectivity Error",
            
            "connectionerror": "Connectivity Error",
            "connectionrefusederror": "Connectivity Error",
            "failed: connection":"Connectivity Error",
            "500 internal server error": "Connectivity Error",
            "fetcher failure for url:": "Connectivity Error",
            "connection timed out": "Connectivity Error",
            "with a status code of: 500": "Connectivity Error",
            "internal_server_error": "Connectivity Error",
            "communications link failure": "Connectivity Error",
            "http response status 500": "Connectivity Error",

            "GENERIC SYSTEM ERROR": "Generic System Error",
            
            "directory is not empty": "System Error",
            "cannot load": "System Error",
            "mandatory update for edkrepo": "System Error",
            "loading libraries failed": "System Error",
            "test result   :  -1": "Test Error: Simic",
            "no such container": "System Error",
            "there are no nodes": "System Error",
            "error: the process \"python.exe\" not found": "System Error",
            "no space left on device": "System Error",
            "preauthentication failed while getting initial credentials": "System Error",
            "disk quota exceeded": "System Error",
            "process working directory .*. doesn't exist": "System Error",
            "java.io.ioexception: unable to create live filepath": "System Error",
            "java.io.ioexception: .*. exist": "System Error",
            "jenkins.util.io.compositeioexception: unable to delete": "System Error",
            "jenkins.util.io.compositeioexception: unable to remove directory": "System Error",
            "sudo: /usr/bin/sudo": "System Error",
            "error: missing workspace .*. on": "System Error",
            "could not insert module": "System Error",
            "remote call to": "System Error",
            "the remote end hung up unexpectedly": "System Error",
            "git clone .*. failed to complete successfully with the following errors": "System Error",
            
            "VISUAL STUDIO ERROR": "Visual Studio Error",
            
            "the license for visual studio expires": "Configuration Error: Visual Studio",

            "VIRUS SCAN ERROR": "Virus Scan Error",
            
            "file \"vscanner.py\", line": "Configuration Error: Virus Scan",
            
            "finished: success": "Successful Jobs",
            "finished: aborted": "Aborted Jobs",
            
            "CHECKMARX SCAN ERROR": "Checkmarx Scan Error",
            
            "no project id capture. please check on iap id and branch id": "Application Error: Checkmarx",
            "\\[checkmarx\\] \\[error\\]: there is no queue scan or scanning is still in progress. you might need to increase timeout to get full result": "Application Error: Checkmarx"
        },

        "exclusion": [
            "abi_info:",
            "[debug]",
            "commit message:",
            "echo",
            "diagnostic: edss2 : json call",
            "c:\\program files (x86)\\microsoft visual studio",
            "release>cd c:\\jenkins\\workspace",
            "release>nmake clean all",
            "pluginuixmlwriter.obj rootuixmlwriter.obj",
            ">if 0 neq 0 goto eof",
            "warning:root:[abi_warn_00000010]",
            "running on node:",
            "\\..\\sources\\graph",
            "acpi....",
            "--skip-recursive",
            "running on ",
            "controlopstatus[] = { ",
            "../../sources/",
            "note: tasks summary:",
            "head is now at",
            "applying:",
            "opencv.patch",
            "currror.c.o",
            "expected_stderr",
            "warning",
            "invalid command",
            "create mode",
            "stderr: remote:",
            "git did not send all necessary objects",
            "fatal: early eof",
            "fatal: index-pack failed",
            "fatal: expected flush after ref listing",
            "fatal: protocol error: bad pack header",
            "unable to get credential",
            "pathspec '0' did not match",
            "running setup.py",
            "config_dm_eth",
            "could not remove config section",
            "could not generate configuration",
            "stderr begin",
            "stderr end",
            "please refer to logs for more information",
            "p.stderr",
            "cannot fork()",
            "git upload-pack",
            "pycrypto",
            "v2020.07 release",
            "pthread_create",
            "build plugin documentation",
            "server log for this session",
            "local header:",
            "basegpiocheckconflictlib",
            "xlink_secure_err",
            "package '",
            "conflict.tmpl",
            "conflict.h",
            "conflict.c",
            "caused: java.io.ioexception",
            "conflicts between attempted install",
            "conflicting requests",
            "conflict (modify/delete):",
            "stderr_console.",
            "/makefile:",
            "error: script returned exit code 1",
            "java.io.ioexception: could not checkout",
            "warn : problem with id",
            "failed with --ignore mode enabled",
            "kconflicting types for Ã¢",
            "non-zero exit code of the clef",
            "non-zero exit code of the kwcc",
            "non-zero exit codes of the kwcc",
            "non-zero exit codes of the clef",
            "fatal: pack has bad object at offset",
            "internal error: could not collect string search hit data",
            "conflictlib",
            "klocwork table does not exists",
            "no names found, cannot describe anything",
            "embedconflict",
            "kwbuildproject",
            "openssl ssl_read: no error information"
        ]
    }
}
