{
"intents":
        {"first_level": ["failure",
		"error",
		"failed",
		"not available",
		"not found",
		"could not checkout",
		"running on ",
		"no such property",
		"couldn't find",
		"fatal:",
		"does not exist",
		"there are no nodes"],

		"error_category": {
		
		"gitlab error": "Gitlab Error",
        "abortexception:": "Exception Error",
        "artifact error": "Artifact Error",
        "keyerror:": "Key Error",
        "nameerror:": "Name Error",
        "typeerror:": "Type Error",
        "loading libraries failed": "Load Error",
        "attributeerror: ": "Attribute Error",
        "artifactory": "Artifactory Error",
        "abi_warning:": "ABI Warning",
        "raise abiexception": "ABI Exception Error",
        "abi_exception": "ABI Exception Error",
        "could not find": "Missing Object Error",
        "failed to run ticgen:": "TICGEN Error",
        "connectionerror": "Connection Error",
        "connectionrefusederror": "Connection Error",
        "directory is not empty": "Filesystem Error",
        "nmake : fatal error" : "Nmake Error",
        "failed: connection":"Connection Error",
        "filenotfounderror:":"Missing Object Error",
        "cannot load":"Load Error",
		"package_write_rpm": "Compilation Error",
		"error: failed to push some refs to": "Connectivity Error" ,
		"requires: openvino": "Compilation Error",
		"configuration error": "Application Error",
		"java.lang.": "Jave Exception Error",
		"drivers/spi/spi-dw.h" :  "Compilation Error",
		"thunderbay": "Compilation Error",
		"mainline-tracking": "Compilation Error",
		"patch failed": "Compilation Error",
		"meson": "Compilation Error",
		"mesa": "Compilation Error",
		"error: cairo": "Compilation Error",
		"cairo": "Compilation Error" ,
		"no such container": "Container Error",
		"java.io.ioexception": "Jave Exception Error",
		"do_populate_sdk": "Compilation Error",
		"movisoc-fwu": "Compilation Error",
		"oe_runmake": "Compilation Error",
		"makefile:70:": "Compilation Error",
		"sanity": "Connectivity Error",
		"remote repo": "Connectivity Error",
		"500 internal server error": "Connectivity Error",
		"linux-ese-po-kernel": "Compilation Error",
		"thb-lin-bsp-bd-dly": "Compilation Error",
		"recipe tbh-vpual":"Compilation Error",
		"do_image_wic":"Compilation Error" ,
		"no dtb found": "Compilation Error",
		"unable to fetch url from any source": "Compilation Error",
		"fetcher failure for url:": "Connectivity Error",
		"connection timed out": "Connectivity Error",
		"/gpu/drm/": "Compilation Error",
		"linux-intel-ese": "Compilation Error",
		"iso-codes-4.2-r0": "Compilation Error",
		"ore-image-ese-initramfs-base-1.0-r0": "Compilation Error",
		"core-image-ese-initramfs-base": "Compilation Error",
		"not found": "Missing Object Error",
		"not available": "Missing Object Error",
		"doesn't exist": "Missing Object Error",
		"couldn't find": "Missing Object Error",
		"do_fetch": "Compilation Error",
		"no such property": "Missing Object Error",
		"error: task ": "Compilation Error",
		"error: logfile of failure stored": "Compilation Error",
		"does not exist":"Missing Object Error",
		"there are no nodes" : "Container Error",
		"function failed: " : "Compilation Error",
		"do_configure" : "Compilation Error",
		"error: nothing rprovides" :"Compilation Error",
		"error: required build" :"Compilation Error"

		},
		
        "patterns": [
			 				"failed to sign: ",
							 "abi_info:",
							 "[debug]",
							 "errorlog.c",
							 "error.cpp",
							 "commit message:",
							 "echo",
							 "onerrorcontinueanalysis",
							 "pending error messages",
							 "handle_error",
							 "raise error",
							 "diagnostic: edss2 : json call",
							 "errorlib.c",
							 "0 error(s)",
							 "erroruixmlwriter.cpp",
							 "error.h",
							 "errorhandlingcontroller.js",
							 "errorlib.lib errorlib.obj",
							 "errorlib.obj  errorlib.lib",
							 "c:\\program files (x86)\\microsoft visual studio",
							 "release>cd c:\\jenkins\\workspace",
							 "release>nmake clean all",
							 "pluginuixmlwriter.obj rootuixmlwriter.obj",
							 ">if 0 neq 0 goto eof",
							 "warning:root:[abi_warn_00000010]",
							 "failed in branch",
							 "cache entry deserialization failed",
							 "enoerror",
							 "eusererrorcode",
							 "werror",
							 "running on node:",
							 "\\..\\sources\\graph",
							 "error  ...",
							 "acpi....",
			 				 "packages\\errorlib\\winx64\\debug",
			 				 "xlsdk_input.lib(_error.obj) : warning",
			 				 ": warning c","error(s) and ",
							 "no error and failure messages",
							 "finished: failure",
			 				 "job failed!!!",
							 "build failed.","_tdperrormessage",
			 				 "2 error(s)",
							 "skipped due to earlier failure(s)",
							 "groovy.control.errorcollector.failiferrors",
							 "erroranalysislib.cpp",
			 				 "erroranalysislib",
			 				 ";>failure</h1>",
							 "exitonfailure","errorlogger",
							 "if (enoerror !","eusererrorcode",
			 				 "ekernelerrorcode","errorlib",
			 				 "--disable-werror","lasterror.",
							 "failed!",
							 "--skip-recursive",
							 "error: timeout after",
							 "error: error: no workspace found!",
			 				 "running on ",
			 				 "error_lib.","_error.c",
			 				 "tx_thread_stack_error_handler.c",
							 "tx_thread_stack_error_notify.c",
			 				 "error_id.h",
			 				 "error_isolation.c",
			 				 "scriptcompletionorfailurestatus",
							 "error.png","controlopstatus[] = { ",
			 				 "updatingerrormsgforfilenotfound",
			 				 "libgpg-error.so.0","../../sources/",
							 "testerrorverification","errors_config.csv",
			 				 "'strerror'"," retryerror","build errors",
							 "summary: 1 task failed:",
							 "libgpg-error-1.35-r0",
			 				 "libgpg-error-native-1.35-r0",
			 				 "libgpg-error_1.35.bb","0 errors.",
		 					 "note: tasks summary:",
							 "libgpg-error_1.36.bb",
							 "libgpg-error-1.36-r0",
			 				 "libgpg-error-native-1.36-r0",
			 				 "summary:","/system_error",
		 					 "error_constants.h","failures:",
			 				 "test_parity error injection",
			 				 "head is now at","libgpg-error","eventfacet-error",
			 				 "error summary","check error:",
		 					 "warning:",": [ {","*** [install] error 1",
			 				 "error: script returned exit code",
		 					 "data-error-fix.patch",
			 				 "error-semi-colon-missing.patch",
			 				 "0153-sha256_hcu_failure_fix.patch",
			 				 "link-error-for-smcc-calls.patch",
		 					 "not found modules for:",
			 				 "not found deltainfo for:",
			 				 "not found updateinfo for:",
			 				 "not found other for:",
		 					 "xlink_error","note: ",
			 				 "errormessagedataexchanger.c",
							 "ioerror:",
		 					 "download&failedmirror",
		 					 "errors occurred!",
		 					 "cmakeerror.log",
		 					 "-wno-error=",
							 "applying:",
		 					 "error.patch",
		 					 "opencv.patch"]
        }
}
